<?xml version="1.0" encoding="UTF-8"?>
<!-- Generated by org.testng.reporters.JUnitReportReporter -->
<testsuite skipped="0" hostname="saisish-HP" name="Project1.RestAPITest" tests="2" failures="0" timestamp="2020-07-25T13:31:29 IST" time="0.009" errors="0">
  <testcase name="DeleteTwiter" time="0.009" classname="Project1.RestAPITest"/>
  <system-out/>
  <testcase name="PostJira" time="0.000" classname="Project1.RestAPITest"/>
  <system-out/>
</testsuite> <!-- Project1.RestAPITest -->
