<?xml version="1.0" encoding="UTF-8"?>
<!-- Generated by org.testng.reporters.JUnitReportReporter -->
<testsuite skipped="0" hostname="saisish-HP" name="Project1.SeleniumTest" tests="2" failures="0" timestamp="2020-07-25T13:27:04 IST" time="0.000" errors="0">
  <testcase name="BrowserAutomation" time="0.000" classname="Project1.SeleniumTest"/>
  <system-out/>
  <testcase name="ElementsUI" time="0.000" classname="Project1.SeleniumTest"/>
  <system-out/>
</testsuite> <!-- Project1.SeleniumTest -->
