<?xml version="1.0" encoding="UTF-8"?>
<!-- Generated by org.testng.reporters.JUnitReportReporter -->
<testsuite skipped="0" hostname="saisish-HP" name="Project1.AppiumTest" tests="2" failures="0" timestamp="2020-07-25T13:27:04 IST" time="0.009" errors="0">
  <testcase name="IOsApps" time="0.000" classname="Project1.AppiumTest"/>
  <system-out/>
  <testcase name="AndroidApps" time="0.009" classname="Project1.AppiumTest"/>
  <system-out/>
</testsuite> <!-- Project1.AppiumTest -->
